Vivado Simulator 2020.2
Time resolution is 1 ps
Error: STD_LOGIC_1164.READ(STD_ULOGIC_VECTOR) End of string encountered
Time: 1480 ns  Iteration: 0  Process: /Testbench/line__85  File: F:/COMP3211/project/debug/COMP3211-project/pipelined_processor_updated/pipelined_processor_updated.srcs/sim_1/new/Testbench.vhd
Warning: TEXTIO function READ: line is empty
Time: 1480 ns  Iteration: 0  Process: /Testbench/line__85  File: F:/COMP3211/project/debug/COMP3211-project/pipelined_processor_updated/pipelined_processor_updated.srcs/sim_1/new/Testbench.vhd
Error: STD_LOGIC_1164.READ(STD_ULOGIC_VECTOR) End of string encountered
Time: 1480 ns  Iteration: 0  Process: /Testbench/line__85  File: F:/COMP3211/project/debug/COMP3211-project/pipelined_processor_updated/pipelined_processor_updated.srcs/sim_1/new/Testbench.vhd
Error: STD_LOGIC_1164.READ(STD_ULOGIC_VECTOR) End of string encountered
Time: 2034 ns  Iteration: 0  Process: /Testbench/line__85  File: F:/COMP3211/project/debug/COMP3211-project/pipelined_processor_updated/pipelined_processor_updated.srcs/sim_1/new/Testbench.vhd
Warning: TEXTIO function READ: line is empty
Time: 2034 ns  Iteration: 0  Process: /Testbench/line__85  File: F:/COMP3211/project/debug/COMP3211-project/pipelined_processor_updated/pipelined_processor_updated.srcs/sim_1/new/Testbench.vhd
Error: STD_LOGIC_1164.READ(STD_ULOGIC_VECTOR) End of string encountered
Time: 2034 ns  Iteration: 0  Process: /Testbench/line__85  File: F:/COMP3211/project/debug/COMP3211-project/pipelined_processor_updated/pipelined_processor_updated.srcs/sim_1/new/Testbench.vhd
Error: STD_LOGIC_1164.READ(STD_ULOGIC_VECTOR) End of string encountered
Time: 2556 ns  Iteration: 0  Process: /Testbench/line__85  File: F:/COMP3211/project/debug/COMP3211-project/pipelined_processor_updated/pipelined_processor_updated.srcs/sim_1/new/Testbench.vhd
Warning: TEXTIO function READ: line is empty
Time: 2556 ns  Iteration: 0  Process: /Testbench/line__85  File: F:/COMP3211/project/debug/COMP3211-project/pipelined_processor_updated/pipelined_processor_updated.srcs/sim_1/new/Testbench.vhd
Error: STD_LOGIC_1164.READ(STD_ULOGIC_VECTOR) End of string encountered
Time: 2556 ns  Iteration: 0  Process: /Testbench/line__85  File: F:/COMP3211/project/debug/COMP3211-project/pipelined_processor_updated/pipelined_processor_updated.srcs/sim_1/new/Testbench.vhd
Error: STD_LOGIC_1164.READ(STD_ULOGIC_VECTOR) End of string encountered
Time: 3078 ns  Iteration: 0  Process: /Testbench/line__85  File: F:/COMP3211/project/debug/COMP3211-project/pipelined_processor_updated/pipelined_processor_updated.srcs/sim_1/new/Testbench.vhd
Warning: TEXTIO function READ: line is empty
Time: 3078 ns  Iteration: 0  Process: /Testbench/line__85  File: F:/COMP3211/project/debug/COMP3211-project/pipelined_processor_updated/pipelined_processor_updated.srcs/sim_1/new/Testbench.vhd
Error: STD_LOGIC_1164.READ(STD_ULOGIC_VECTOR) End of string encountered
Time: 3078 ns  Iteration: 0  Process: /Testbench/line__85  File: F:/COMP3211/project/debug/COMP3211-project/pipelined_processor_updated/pipelined_processor_updated.srcs/sim_1/new/Testbench.vhd
Error: STD_LOGIC_1164.READ(STD_ULOGIC_VECTOR) End of string encountered
Time: 3600 ns  Iteration: 0  Process: /Testbench/line__85  File: F:/COMP3211/project/debug/COMP3211-project/pipelined_processor_updated/pipelined_processor_updated.srcs/sim_1/new/Testbench.vhd
Warning: TEXTIO function READ: line is empty
Time: 3600 ns  Iteration: 0  Process: /Testbench/line__85  File: F:/COMP3211/project/debug/COMP3211-project/pipelined_processor_updated/pipelined_processor_updated.srcs/sim_1/new/Testbench.vhd
Error: STD_LOGIC_1164.READ(STD_ULOGIC_VECTOR) End of string encountered
Time: 3600 ns  Iteration: 0  Process: /Testbench/line__85  File: F:/COMP3211/project/debug/COMP3211-project/pipelined_processor_updated/pipelined_processor_updated.srcs/sim_1/new/Testbench.vhd
Error: STD_LOGIC_1164.READ(STD_ULOGIC_VECTOR) End of string encountered
Time: 4122 ns  Iteration: 0  Process: /Testbench/line__85  File: F:/COMP3211/project/debug/COMP3211-project/pipelined_processor_updated/pipelined_processor_updated.srcs/sim_1/new/Testbench.vhd
Warning: TEXTIO function READ: line is empty
Time: 4122 ns  Iteration: 0  Process: /Testbench/line__85  File: F:/COMP3211/project/debug/COMP3211-project/pipelined_processor_updated/pipelined_processor_updated.srcs/sim_1/new/Testbench.vhd
Error: STD_LOGIC_1164.READ(STD_ULOGIC_VECTOR) End of string encountered
Time: 4122 ns  Iteration: 0  Process: /Testbench/line__85  File: F:/COMP3211/project/debug/COMP3211-project/pipelined_processor_updated/pipelined_processor_updated.srcs/sim_1/new/Testbench.vhd
Error: STD_LOGIC_1164.READ(STD_ULOGIC_VECTOR) End of string encountered
Time: 4644 ns  Iteration: 0  Process: /Testbench/line__85  File: F:/COMP3211/project/debug/COMP3211-project/pipelined_processor_updated/pipelined_processor_updated.srcs/sim_1/new/Testbench.vhd
Warning: TEXTIO function READ: line is empty
Time: 4644 ns  Iteration: 0  Process: /Testbench/line__85  File: F:/COMP3211/project/debug/COMP3211-project/pipelined_processor_updated/pipelined_processor_updated.srcs/sim_1/new/Testbench.vhd
Error: STD_LOGIC_1164.READ(STD_ULOGIC_VECTOR) End of string encountered
Time: 4644 ns  Iteration: 0  Process: /Testbench/line__85  File: F:/COMP3211/project/debug/COMP3211-project/pipelined_processor_updated/pipelined_processor_updated.srcs/sim_1/new/Testbench.vhd
Error: STD_LOGIC_1164.READ(STD_ULOGIC_VECTOR) End of string encountered
Time: 5166 ns  Iteration: 0  Process: /Testbench/line__85  File: F:/COMP3211/project/debug/COMP3211-project/pipelined_processor_updated/pipelined_processor_updated.srcs/sim_1/new/Testbench.vhd
Warning: TEXTIO function READ: line is empty
Time: 5166 ns  Iteration: 0  Process: /Testbench/line__85  File: F:/COMP3211/project/debug/COMP3211-project/pipelined_processor_updated/pipelined_processor_updated.srcs/sim_1/new/Testbench.vhd
Error: STD_LOGIC_1164.READ(STD_ULOGIC_VECTOR) End of string encountered
Time: 5166 ns  Iteration: 0  Process: /Testbench/line__85  File: F:/COMP3211/project/debug/COMP3211-project/pipelined_processor_updated/pipelined_processor_updated.srcs/sim_1/new/Testbench.vhd
Error: STD_LOGIC_1164.READ(STD_ULOGIC_VECTOR) End of string encountered
Time: 5688 ns  Iteration: 0  Process: /Testbench/line__85  File: F:/COMP3211/project/debug/COMP3211-project/pipelined_processor_updated/pipelined_processor_updated.srcs/sim_1/new/Testbench.vhd
Warning: TEXTIO function READ: line is empty
Time: 5688 ns  Iteration: 0  Process: /Testbench/line__85  File: F:/COMP3211/project/debug/COMP3211-project/pipelined_processor_updated/pipelined_processor_updated.srcs/sim_1/new/Testbench.vhd
Error: STD_LOGIC_1164.READ(STD_ULOGIC_VECTOR) End of string encountered
Time: 5688 ns  Iteration: 0  Process: /Testbench/line__85  File: F:/COMP3211/project/debug/COMP3211-project/pipelined_processor_updated/pipelined_processor_updated.srcs/sim_1/new/Testbench.vhd
Error: STD_LOGIC_1164.READ(STD_ULOGIC_VECTOR) End of string encountered
Time: 6210 ns  Iteration: 0  Process: /Testbench/line__85  File: F:/COMP3211/project/debug/COMP3211-project/pipelined_processor_updated/pipelined_processor_updated.srcs/sim_1/new/Testbench.vhd
Warning: TEXTIO function READ: line is empty
Time: 6210 ns  Iteration: 0  Process: /Testbench/line__85  File: F:/COMP3211/project/debug/COMP3211-project/pipelined_processor_updated/pipelined_processor_updated.srcs/sim_1/new/Testbench.vhd
Error: STD_LOGIC_1164.READ(STD_ULOGIC_VECTOR) End of string encountered
Time: 6210 ns  Iteration: 0  Process: /Testbench/line__85  File: F:/COMP3211/project/debug/COMP3211-project/pipelined_processor_updated/pipelined_processor_updated.srcs/sim_1/new/Testbench.vhd
Error: STD_LOGIC_1164.READ(STD_ULOGIC_VECTOR) End of string encountered
Time: 6732 ns  Iteration: 0  Process: /Testbench/line__85  File: F:/COMP3211/project/debug/COMP3211-project/pipelined_processor_updated/pipelined_processor_updated.srcs/sim_1/new/Testbench.vhd
Warning: TEXTIO function READ: line is empty
Time: 6732 ns  Iteration: 0  Process: /Testbench/line__85  File: F:/COMP3211/project/debug/COMP3211-project/pipelined_processor_updated/pipelined_processor_updated.srcs/sim_1/new/Testbench.vhd
Error: STD_LOGIC_1164.READ(STD_ULOGIC_VECTOR) End of string encountered
Time: 6732 ns  Iteration: 0  Process: /Testbench/line__85  File: F:/COMP3211/project/debug/COMP3211-project/pipelined_processor_updated/pipelined_processor_updated.srcs/sim_1/new/Testbench.vhd
Error: STD_LOGIC_1164.READ(STD_ULOGIC_VECTOR) End of string encountered
Time: 7254 ns  Iteration: 0  Process: /Testbench/line__85  File: F:/COMP3211/project/debug/COMP3211-project/pipelined_processor_updated/pipelined_processor_updated.srcs/sim_1/new/Testbench.vhd
Warning: TEXTIO function READ: line is empty
Time: 7254 ns  Iteration: 0  Process: /Testbench/line__85  File: F:/COMP3211/project/debug/COMP3211-project/pipelined_processor_updated/pipelined_processor_updated.srcs/sim_1/new/Testbench.vhd
Error: STD_LOGIC_1164.READ(STD_ULOGIC_VECTOR) End of string encountered
Time: 7254 ns  Iteration: 0  Process: /Testbench/line__85  File: F:/COMP3211/project/debug/COMP3211-project/pipelined_processor_updated/pipelined_processor_updated.srcs/sim_1/new/Testbench.vhd
Error: STD_LOGIC_1164.READ(STD_ULOGIC_VECTOR) End of string encountered
Time: 8744 ns  Iteration: 0  Process: /Testbench/line__85  File: F:/COMP3211/project/debug/COMP3211-project/pipelined_processor_updated/pipelined_processor_updated.srcs/sim_1/new/Testbench.vhd
Warning: TEXTIO function READ: line is empty
Time: 8744 ns  Iteration: 0  Process: /Testbench/line__85  File: F:/COMP3211/project/debug/COMP3211-project/pipelined_processor_updated/pipelined_processor_updated.srcs/sim_1/new/Testbench.vhd
Error: STD_LOGIC_1164.READ(STD_ULOGIC_VECTOR) End of string encountered
Time: 8744 ns  Iteration: 0  Process: /Testbench/line__85  File: F:/COMP3211/project/debug/COMP3211-project/pipelined_processor_updated/pipelined_processor_updated.srcs/sim_1/new/Testbench.vhd
Error: STD_LOGIC_1164.READ(STD_ULOGIC_VECTOR) End of string encountered
Time: 9298 ns  Iteration: 0  Process: /Testbench/line__85  File: F:/COMP3211/project/debug/COMP3211-project/pipelined_processor_updated/pipelined_processor_updated.srcs/sim_1/new/Testbench.vhd
Warning: TEXTIO function READ: line is empty
Time: 9298 ns  Iteration: 0  Process: /Testbench/line__85  File: F:/COMP3211/project/debug/COMP3211-project/pipelined_processor_updated/pipelined_processor_updated.srcs/sim_1/new/Testbench.vhd
Error: STD_LOGIC_1164.READ(STD_ULOGIC_VECTOR) End of string encountered
Time: 9298 ns  Iteration: 0  Process: /Testbench/line__85  File: F:/COMP3211/project/debug/COMP3211-project/pipelined_processor_updated/pipelined_processor_updated.srcs/sim_1/new/Testbench.vhd
Error: STD_LOGIC_1164.READ(STD_ULOGIC_VECTOR) End of string encountered
Time: 9820 ns  Iteration: 0  Process: /Testbench/line__85  File: F:/COMP3211/project/debug/COMP3211-project/pipelined_processor_updated/pipelined_processor_updated.srcs/sim_1/new/Testbench.vhd
Warning: TEXTIO function READ: line is empty
Time: 9820 ns  Iteration: 0  Process: /Testbench/line__85  File: F:/COMP3211/project/debug/COMP3211-project/pipelined_processor_updated/pipelined_processor_updated.srcs/sim_1/new/Testbench.vhd
Error: STD_LOGIC_1164.READ(STD_ULOGIC_VECTOR) End of string encountered
Time: 9820 ns  Iteration: 0  Process: /Testbench/line__85  File: F:/COMP3211/project/debug/COMP3211-project/pipelined_processor_updated/pipelined_processor_updated.srcs/sim_1/new/Testbench.vhd
Error: STD_LOGIC_1164.READ(STD_ULOGIC_VECTOR) End of string encountered
Time: 10342 ns  Iteration: 0  Process: /Testbench/line__85  File: F:/COMP3211/project/debug/COMP3211-project/pipelined_processor_updated/pipelined_processor_updated.srcs/sim_1/new/Testbench.vhd
Warning: TEXTIO function READ: line is empty
Time: 10342 ns  Iteration: 0  Process: /Testbench/line__85  File: F:/COMP3211/project/debug/COMP3211-project/pipelined_processor_updated/pipelined_processor_updated.srcs/sim_1/new/Testbench.vhd
Error: STD_LOGIC_1164.READ(STD_ULOGIC_VECTOR) End of string encountered
Time: 10342 ns  Iteration: 0  Process: /Testbench/line__85  File: F:/COMP3211/project/debug/COMP3211-project/pipelined_processor_updated/pipelined_processor_updated.srcs/sim_1/new/Testbench.vhd
Error: STD_LOGIC_1164.READ(STD_ULOGIC_VECTOR) End of string encountered
Time: 10864 ns  Iteration: 0  Process: /Testbench/line__85  File: F:/COMP3211/project/debug/COMP3211-project/pipelined_processor_updated/pipelined_processor_updated.srcs/sim_1/new/Testbench.vhd
Warning: TEXTIO function READ: line is empty
Time: 10864 ns  Iteration: 0  Process: /Testbench/line__85  File: F:/COMP3211/project/debug/COMP3211-project/pipelined_processor_updated/pipelined_processor_updated.srcs/sim_1/new/Testbench.vhd
Error: STD_LOGIC_1164.READ(STD_ULOGIC_VECTOR) End of string encountered
Time: 10864 ns  Iteration: 0  Process: /Testbench/line__85  File: F:/COMP3211/project/debug/COMP3211-project/pipelined_processor_updated/pipelined_processor_updated.srcs/sim_1/new/Testbench.vhd
Error: STD_LOGIC_1164.READ(STD_ULOGIC_VECTOR) End of string encountered
Time: 11386 ns  Iteration: 0  Process: /Testbench/line__85  File: F:/COMP3211/project/debug/COMP3211-project/pipelined_processor_updated/pipelined_processor_updated.srcs/sim_1/new/Testbench.vhd
Warning: TEXTIO function READ: line is empty
Time: 11386 ns  Iteration: 0  Process: /Testbench/line__85  File: F:/COMP3211/project/debug/COMP3211-project/pipelined_processor_updated/pipelined_processor_updated.srcs/sim_1/new/Testbench.vhd
Error: STD_LOGIC_1164.READ(STD_ULOGIC_VECTOR) End of string encountered
Time: 11386 ns  Iteration: 0  Process: /Testbench/line__85  File: F:/COMP3211/project/debug/COMP3211-project/pipelined_processor_updated/pipelined_processor_updated.srcs/sim_1/new/Testbench.vhd
Error: STD_LOGIC_1164.READ(STD_ULOGIC_VECTOR) End of string encountered
Time: 11908 ns  Iteration: 0  Process: /Testbench/line__85  File: F:/COMP3211/project/debug/COMP3211-project/pipelined_processor_updated/pipelined_processor_updated.srcs/sim_1/new/Testbench.vhd
Warning: TEXTIO function READ: line is empty
Time: 11908 ns  Iteration: 0  Process: /Testbench/line__85  File: F:/COMP3211/project/debug/COMP3211-project/pipelined_processor_updated/pipelined_processor_updated.srcs/sim_1/new/Testbench.vhd
Error: STD_LOGIC_1164.READ(STD_ULOGIC_VECTOR) End of string encountered
Time: 11908 ns  Iteration: 0  Process: /Testbench/line__85  File: F:/COMP3211/project/debug/COMP3211-project/pipelined_processor_updated/pipelined_processor_updated.srcs/sim_1/new/Testbench.vhd
Error: STD_LOGIC_1164.READ(STD_ULOGIC_VECTOR) End of string encountered
Time: 12430 ns  Iteration: 0  Process: /Testbench/line__85  File: F:/COMP3211/project/debug/COMP3211-project/pipelined_processor_updated/pipelined_processor_updated.srcs/sim_1/new/Testbench.vhd
Warning: TEXTIO function READ: line is empty
Time: 12430 ns  Iteration: 0  Process: /Testbench/line__85  File: F:/COMP3211/project/debug/COMP3211-project/pipelined_processor_updated/pipelined_processor_updated.srcs/sim_1/new/Testbench.vhd
Error: STD_LOGIC_1164.READ(STD_ULOGIC_VECTOR) End of string encountered
Time: 12430 ns  Iteration: 0  Process: /Testbench/line__85  File: F:/COMP3211/project/debug/COMP3211-project/pipelined_processor_updated/pipelined_processor_updated.srcs/sim_1/new/Testbench.vhd
Error: STD_LOGIC_1164.READ(STD_ULOGIC_VECTOR) End of string encountered
Time: 12952 ns  Iteration: 0  Process: /Testbench/line__85  File: F:/COMP3211/project/debug/COMP3211-project/pipelined_processor_updated/pipelined_processor_updated.srcs/sim_1/new/Testbench.vhd
Warning: TEXTIO function READ: line is empty
Time: 12952 ns  Iteration: 0  Process: /Testbench/line__85  File: F:/COMP3211/project/debug/COMP3211-project/pipelined_processor_updated/pipelined_processor_updated.srcs/sim_1/new/Testbench.vhd
Error: STD_LOGIC_1164.READ(STD_ULOGIC_VECTOR) End of string encountered
Time: 12952 ns  Iteration: 0  Process: /Testbench/line__85  File: F:/COMP3211/project/debug/COMP3211-project/pipelined_processor_updated/pipelined_processor_updated.srcs/sim_1/new/Testbench.vhd
Error: STD_LOGIC_1164.READ(STD_ULOGIC_VECTOR) End of string encountered
Time: 13474 ns  Iteration: 0  Process: /Testbench/line__85  File: F:/COMP3211/project/debug/COMP3211-project/pipelined_processor_updated/pipelined_processor_updated.srcs/sim_1/new/Testbench.vhd
Warning: TEXTIO function READ: line is empty
Time: 13474 ns  Iteration: 0  Process: /Testbench/line__85  File: F:/COMP3211/project/debug/COMP3211-project/pipelined_processor_updated/pipelined_processor_updated.srcs/sim_1/new/Testbench.vhd
Error: STD_LOGIC_1164.READ(STD_ULOGIC_VECTOR) End of string encountered
Time: 13474 ns  Iteration: 0  Process: /Testbench/line__85  File: F:/COMP3211/project/debug/COMP3211-project/pipelined_processor_updated/pipelined_processor_updated.srcs/sim_1/new/Testbench.vhd
Error: STD_LOGIC_1164.READ(STD_ULOGIC_VECTOR) End of string encountered
Time: 13996 ns  Iteration: 0  Process: /Testbench/line__85  File: F:/COMP3211/project/debug/COMP3211-project/pipelined_processor_updated/pipelined_processor_updated.srcs/sim_1/new/Testbench.vhd
Warning: TEXTIO function READ: line is empty
Time: 13996 ns  Iteration: 0  Process: /Testbench/line__85  File: F:/COMP3211/project/debug/COMP3211-project/pipelined_processor_updated/pipelined_processor_updated.srcs/sim_1/new/Testbench.vhd
Error: STD_LOGIC_1164.READ(STD_ULOGIC_VECTOR) End of string encountered
Time: 13996 ns  Iteration: 0  Process: /Testbench/line__85  File: F:/COMP3211/project/debug/COMP3211-project/pipelined_processor_updated/pipelined_processor_updated.srcs/sim_1/new/Testbench.vhd
Error: STD_LOGIC_1164.READ(STD_ULOGIC_VECTOR) End of string encountered
Time: 14518 ns  Iteration: 0  Process: /Testbench/line__85  File: F:/COMP3211/project/debug/COMP3211-project/pipelined_processor_updated/pipelined_processor_updated.srcs/sim_1/new/Testbench.vhd
Warning: TEXTIO function READ: line is empty
Time: 14518 ns  Iteration: 0  Process: /Testbench/line__85  File: F:/COMP3211/project/debug/COMP3211-project/pipelined_processor_updated/pipelined_processor_updated.srcs/sim_1/new/Testbench.vhd
Error: STD_LOGIC_1164.READ(STD_ULOGIC_VECTOR) End of string encountered
Time: 14518 ns  Iteration: 0  Process: /Testbench/line__85  File: F:/COMP3211/project/debug/COMP3211-project/pipelined_processor_updated/pipelined_processor_updated.srcs/sim_1/new/Testbench.vhd
Error: STD_LOGIC_1164.READ(STD_ULOGIC_VECTOR) End of string encountered
Time: 16008 ns  Iteration: 0  Process: /Testbench/line__85  File: F:/COMP3211/project/debug/COMP3211-project/pipelined_processor_updated/pipelined_processor_updated.srcs/sim_1/new/Testbench.vhd
Warning: TEXTIO function READ: line is empty
Time: 16008 ns  Iteration: 0  Process: /Testbench/line__85  File: F:/COMP3211/project/debug/COMP3211-project/pipelined_processor_updated/pipelined_processor_updated.srcs/sim_1/new/Testbench.vhd
Error: STD_LOGIC_1164.READ(STD_ULOGIC_VECTOR) End of string encountered
Time: 16008 ns  Iteration: 0  Process: /Testbench/line__85  File: F:/COMP3211/project/debug/COMP3211-project/pipelined_processor_updated/pipelined_processor_updated.srcs/sim_1/new/Testbench.vhd
Error: STD_LOGIC_1164.READ(STD_ULOGIC_VECTOR) End of string encountered
Time: 16562 ns  Iteration: 0  Process: /Testbench/line__85  File: F:/COMP3211/project/debug/COMP3211-project/pipelined_processor_updated/pipelined_processor_updated.srcs/sim_1/new/Testbench.vhd
Warning: TEXTIO function READ: line is empty
Time: 16562 ns  Iteration: 0  Process: /Testbench/line__85  File: F:/COMP3211/project/debug/COMP3211-project/pipelined_processor_updated/pipelined_processor_updated.srcs/sim_1/new/Testbench.vhd
Error: STD_LOGIC_1164.READ(STD_ULOGIC_VECTOR) End of string encountered
Time: 16562 ns  Iteration: 0  Process: /Testbench/line__85  File: F:/COMP3211/project/debug/COMP3211-project/pipelined_processor_updated/pipelined_processor_updated.srcs/sim_1/new/Testbench.vhd
Error: STD_LOGIC_1164.READ(STD_ULOGIC_VECTOR) End of string encountered
Time: 17084 ns  Iteration: 0  Process: /Testbench/line__85  File: F:/COMP3211/project/debug/COMP3211-project/pipelined_processor_updated/pipelined_processor_updated.srcs/sim_1/new/Testbench.vhd
Warning: TEXTIO function READ: line is empty
Time: 17084 ns  Iteration: 0  Process: /Testbench/line__85  File: F:/COMP3211/project/debug/COMP3211-project/pipelined_processor_updated/pipelined_processor_updated.srcs/sim_1/new/Testbench.vhd
Error: STD_LOGIC_1164.READ(STD_ULOGIC_VECTOR) End of string encountered
Time: 17084 ns  Iteration: 0  Process: /Testbench/line__85  File: F:/COMP3211/project/debug/COMP3211-project/pipelined_processor_updated/pipelined_processor_updated.srcs/sim_1/new/Testbench.vhd
Error: STD_LOGIC_1164.READ(STD_ULOGIC_VECTOR) End of string encountered
Time: 17606 ns  Iteration: 0  Process: /Testbench/line__85  File: F:/COMP3211/project/debug/COMP3211-project/pipelined_processor_updated/pipelined_processor_updated.srcs/sim_1/new/Testbench.vhd
Warning: TEXTIO function READ: line is empty
Time: 17606 ns  Iteration: 0  Process: /Testbench/line__85  File: F:/COMP3211/project/debug/COMP3211-project/pipelined_processor_updated/pipelined_processor_updated.srcs/sim_1/new/Testbench.vhd
Error: STD_LOGIC_1164.READ(STD_ULOGIC_VECTOR) End of string encountered
Time: 17606 ns  Iteration: 0  Process: /Testbench/line__85  File: F:/COMP3211/project/debug/COMP3211-project/pipelined_processor_updated/pipelined_processor_updated.srcs/sim_1/new/Testbench.vhd
Error: STD_LOGIC_1164.READ(STD_ULOGIC_VECTOR) End of string encountered
Time: 18128 ns  Iteration: 0  Process: /Testbench/line__85  File: F:/COMP3211/project/debug/COMP3211-project/pipelined_processor_updated/pipelined_processor_updated.srcs/sim_1/new/Testbench.vhd
Warning: TEXTIO function READ: line is empty
Time: 18128 ns  Iteration: 0  Process: /Testbench/line__85  File: F:/COMP3211/project/debug/COMP3211-project/pipelined_processor_updated/pipelined_processor_updated.srcs/sim_1/new/Testbench.vhd
Error: STD_LOGIC_1164.READ(STD_ULOGIC_VECTOR) End of string encountered
Time: 18128 ns  Iteration: 0  Process: /Testbench/line__85  File: F:/COMP3211/project/debug/COMP3211-project/pipelined_processor_updated/pipelined_processor_updated.srcs/sim_1/new/Testbench.vhd
Error: STD_LOGIC_1164.READ(STD_ULOGIC_VECTOR) End of string encountered
Time: 18650 ns  Iteration: 0  Process: /Testbench/line__85  File: F:/COMP3211/project/debug/COMP3211-project/pipelined_processor_updated/pipelined_processor_updated.srcs/sim_1/new/Testbench.vhd
Warning: TEXTIO function READ: line is empty
Time: 18650 ns  Iteration: 0  Process: /Testbench/line__85  File: F:/COMP3211/project/debug/COMP3211-project/pipelined_processor_updated/pipelined_processor_updated.srcs/sim_1/new/Testbench.vhd
Error: STD_LOGIC_1164.READ(STD_ULOGIC_VECTOR) End of string encountered
Time: 18650 ns  Iteration: 0  Process: /Testbench/line__85  File: F:/COMP3211/project/debug/COMP3211-project/pipelined_processor_updated/pipelined_processor_updated.srcs/sim_1/new/Testbench.vhd
Error: STD_LOGIC_1164.READ(STD_ULOGIC_VECTOR) End of string encountered
Time: 19172 ns  Iteration: 0  Process: /Testbench/line__85  File: F:/COMP3211/project/debug/COMP3211-project/pipelined_processor_updated/pipelined_processor_updated.srcs/sim_1/new/Testbench.vhd
Warning: TEXTIO function READ: line is empty
Time: 19172 ns  Iteration: 0  Process: /Testbench/line__85  File: F:/COMP3211/project/debug/COMP3211-project/pipelined_processor_updated/pipelined_processor_updated.srcs/sim_1/new/Testbench.vhd
Error: STD_LOGIC_1164.READ(STD_ULOGIC_VECTOR) End of string encountered
Time: 19172 ns  Iteration: 0  Process: /Testbench/line__85  File: F:/COMP3211/project/debug/COMP3211-project/pipelined_processor_updated/pipelined_processor_updated.srcs/sim_1/new/Testbench.vhd
Error: STD_LOGIC_1164.READ(STD_ULOGIC_VECTOR) End of string encountered
Time: 19694 ns  Iteration: 0  Process: /Testbench/line__85  File: F:/COMP3211/project/debug/COMP3211-project/pipelined_processor_updated/pipelined_processor_updated.srcs/sim_1/new/Testbench.vhd
Warning: TEXTIO function READ: line is empty
Time: 19694 ns  Iteration: 0  Process: /Testbench/line__85  File: F:/COMP3211/project/debug/COMP3211-project/pipelined_processor_updated/pipelined_processor_updated.srcs/sim_1/new/Testbench.vhd
Error: STD_LOGIC_1164.READ(STD_ULOGIC_VECTOR) End of string encountered
Time: 19694 ns  Iteration: 0  Process: /Testbench/line__85  File: F:/COMP3211/project/debug/COMP3211-project/pipelined_processor_updated/pipelined_processor_updated.srcs/sim_1/new/Testbench.vhd
Error: STD_LOGIC_1164.READ(STD_ULOGIC_VECTOR) End of string encountered
Time: 20216 ns  Iteration: 0  Process: /Testbench/line__85  File: F:/COMP3211/project/debug/COMP3211-project/pipelined_processor_updated/pipelined_processor_updated.srcs/sim_1/new/Testbench.vhd
Warning: TEXTIO function READ: line is empty
Time: 20216 ns  Iteration: 0  Process: /Testbench/line__85  File: F:/COMP3211/project/debug/COMP3211-project/pipelined_processor_updated/pipelined_processor_updated.srcs/sim_1/new/Testbench.vhd
Error: STD_LOGIC_1164.READ(STD_ULOGIC_VECTOR) End of string encountered
Time: 20216 ns  Iteration: 0  Process: /Testbench/line__85  File: F:/COMP3211/project/debug/COMP3211-project/pipelined_processor_updated/pipelined_processor_updated.srcs/sim_1/new/Testbench.vhd
Error: STD_LOGIC_1164.READ(STD_ULOGIC_VECTOR) End of string encountered
Time: 20738 ns  Iteration: 0  Process: /Testbench/line__85  File: F:/COMP3211/project/debug/COMP3211-project/pipelined_processor_updated/pipelined_processor_updated.srcs/sim_1/new/Testbench.vhd
Warning: TEXTIO function READ: line is empty
Time: 20738 ns  Iteration: 0  Process: /Testbench/line__85  File: F:/COMP3211/project/debug/COMP3211-project/pipelined_processor_updated/pipelined_processor_updated.srcs/sim_1/new/Testbench.vhd
Error: STD_LOGIC_1164.READ(STD_ULOGIC_VECTOR) End of string encountered
Time: 20738 ns  Iteration: 0  Process: /Testbench/line__85  File: F:/COMP3211/project/debug/COMP3211-project/pipelined_processor_updated/pipelined_processor_updated.srcs/sim_1/new/Testbench.vhd
Error: STD_LOGIC_1164.READ(STD_ULOGIC_VECTOR) End of string encountered
Time: 21260 ns  Iteration: 0  Process: /Testbench/line__85  File: F:/COMP3211/project/debug/COMP3211-project/pipelined_processor_updated/pipelined_processor_updated.srcs/sim_1/new/Testbench.vhd
Warning: TEXTIO function READ: line is empty
Time: 21260 ns  Iteration: 0  Process: /Testbench/line__85  File: F:/COMP3211/project/debug/COMP3211-project/pipelined_processor_updated/pipelined_processor_updated.srcs/sim_1/new/Testbench.vhd
Error: STD_LOGIC_1164.READ(STD_ULOGIC_VECTOR) End of string encountered
Time: 21260 ns  Iteration: 0  Process: /Testbench/line__85  File: F:/COMP3211/project/debug/COMP3211-project/pipelined_processor_updated/pipelined_processor_updated.srcs/sim_1/new/Testbench.vhd
Error: STD_LOGIC_1164.READ(STD_ULOGIC_VECTOR) End of string encountered
Time: 21782 ns  Iteration: 0  Process: /Testbench/line__85  File: F:/COMP3211/project/debug/COMP3211-project/pipelined_processor_updated/pipelined_processor_updated.srcs/sim_1/new/Testbench.vhd
Warning: TEXTIO function READ: line is empty
Time: 21782 ns  Iteration: 0  Process: /Testbench/line__85  File: F:/COMP3211/project/debug/COMP3211-project/pipelined_processor_updated/pipelined_processor_updated.srcs/sim_1/new/Testbench.vhd
Error: STD_LOGIC_1164.READ(STD_ULOGIC_VECTOR) End of string encountered
Time: 21782 ns  Iteration: 0  Process: /Testbench/line__85  File: F:/COMP3211/project/debug/COMP3211-project/pipelined_processor_updated/pipelined_processor_updated.srcs/sim_1/new/Testbench.vhd
Error: STD_LOGIC_1164.READ(STD_ULOGIC_VECTOR) End of string encountered
Time: 23272 ns  Iteration: 0  Process: /Testbench/line__85  File: F:/COMP3211/project/debug/COMP3211-project/pipelined_processor_updated/pipelined_processor_updated.srcs/sim_1/new/Testbench.vhd
Warning: TEXTIO function READ: line is empty
Time: 23272 ns  Iteration: 0  Process: /Testbench/line__85  File: F:/COMP3211/project/debug/COMP3211-project/pipelined_processor_updated/pipelined_processor_updated.srcs/sim_1/new/Testbench.vhd
Error: STD_LOGIC_1164.READ(STD_ULOGIC_VECTOR) End of string encountered
Time: 23272 ns  Iteration: 0  Process: /Testbench/line__85  File: F:/COMP3211/project/debug/COMP3211-project/pipelined_processor_updated/pipelined_processor_updated.srcs/sim_1/new/Testbench.vhd
Error: STD_LOGIC_1164.READ(STD_ULOGIC_VECTOR) End of string encountered
Time: 23826 ns  Iteration: 0  Process: /Testbench/line__85  File: F:/COMP3211/project/debug/COMP3211-project/pipelined_processor_updated/pipelined_processor_updated.srcs/sim_1/new/Testbench.vhd
Warning: TEXTIO function READ: line is empty
Time: 23826 ns  Iteration: 0  Process: /Testbench/line__85  File: F:/COMP3211/project/debug/COMP3211-project/pipelined_processor_updated/pipelined_processor_updated.srcs/sim_1/new/Testbench.vhd
Error: STD_LOGIC_1164.READ(STD_ULOGIC_VECTOR) End of string encountered
Time: 23826 ns  Iteration: 0  Process: /Testbench/line__85  File: F:/COMP3211/project/debug/COMP3211-project/pipelined_processor_updated/pipelined_processor_updated.srcs/sim_1/new/Testbench.vhd
Error: STD_LOGIC_1164.READ(STD_ULOGIC_VECTOR) End of string encountered
Time: 24348 ns  Iteration: 0  Process: /Testbench/line__85  File: F:/COMP3211/project/debug/COMP3211-project/pipelined_processor_updated/pipelined_processor_updated.srcs/sim_1/new/Testbench.vhd
Warning: TEXTIO function READ: line is empty
Time: 24348 ns  Iteration: 0  Process: /Testbench/line__85  File: F:/COMP3211/project/debug/COMP3211-project/pipelined_processor_updated/pipelined_processor_updated.srcs/sim_1/new/Testbench.vhd
Error: STD_LOGIC_1164.READ(STD_ULOGIC_VECTOR) End of string encountered
Time: 24348 ns  Iteration: 0  Process: /Testbench/line__85  File: F:/COMP3211/project/debug/COMP3211-project/pipelined_processor_updated/pipelined_processor_updated.srcs/sim_1/new/Testbench.vhd
Error: STD_LOGIC_1164.READ(STD_ULOGIC_VECTOR) End of string encountered
Time: 24870 ns  Iteration: 0  Process: /Testbench/line__85  File: F:/COMP3211/project/debug/COMP3211-project/pipelined_processor_updated/pipelined_processor_updated.srcs/sim_1/new/Testbench.vhd
Warning: TEXTIO function READ: line is empty
Time: 24870 ns  Iteration: 0  Process: /Testbench/line__85  File: F:/COMP3211/project/debug/COMP3211-project/pipelined_processor_updated/pipelined_processor_updated.srcs/sim_1/new/Testbench.vhd
Error: STD_LOGIC_1164.READ(STD_ULOGIC_VECTOR) End of string encountered
Time: 24870 ns  Iteration: 0  Process: /Testbench/line__85  File: F:/COMP3211/project/debug/COMP3211-project/pipelined_processor_updated/pipelined_processor_updated.srcs/sim_1/new/Testbench.vhd
Error: STD_LOGIC_1164.READ(STD_ULOGIC_VECTOR) End of string encountered
Time: 25392 ns  Iteration: 0  Process: /Testbench/line__85  File: F:/COMP3211/project/debug/COMP3211-project/pipelined_processor_updated/pipelined_processor_updated.srcs/sim_1/new/Testbench.vhd
Warning: TEXTIO function READ: line is empty
Time: 25392 ns  Iteration: 0  Process: /Testbench/line__85  File: F:/COMP3211/project/debug/COMP3211-project/pipelined_processor_updated/pipelined_processor_updated.srcs/sim_1/new/Testbench.vhd
Error: STD_LOGIC_1164.READ(STD_ULOGIC_VECTOR) End of string encountered
Time: 25392 ns  Iteration: 0  Process: /Testbench/line__85  File: F:/COMP3211/project/debug/COMP3211-project/pipelined_processor_updated/pipelined_processor_updated.srcs/sim_1/new/Testbench.vhd
Error: STD_LOGIC_1164.READ(STD_ULOGIC_VECTOR) End of string encountered
Time: 25914 ns  Iteration: 0  Process: /Testbench/line__85  File: F:/COMP3211/project/debug/COMP3211-project/pipelined_processor_updated/pipelined_processor_updated.srcs/sim_1/new/Testbench.vhd
Warning: TEXTIO function READ: line is empty
Time: 25914 ns  Iteration: 0  Process: /Testbench/line__85  File: F:/COMP3211/project/debug/COMP3211-project/pipelined_processor_updated/pipelined_processor_updated.srcs/sim_1/new/Testbench.vhd
Error: STD_LOGIC_1164.READ(STD_ULOGIC_VECTOR) End of string encountered
Time: 25914 ns  Iteration: 0  Process: /Testbench/line__85  File: F:/COMP3211/project/debug/COMP3211-project/pipelined_processor_updated/pipelined_processor_updated.srcs/sim_1/new/Testbench.vhd
Error: STD_LOGIC_1164.READ(STD_ULOGIC_VECTOR) End of string encountered
Time: 26436 ns  Iteration: 0  Process: /Testbench/line__85  File: F:/COMP3211/project/debug/COMP3211-project/pipelined_processor_updated/pipelined_processor_updated.srcs/sim_1/new/Testbench.vhd
Warning: TEXTIO function READ: line is empty
Time: 26436 ns  Iteration: 0  Process: /Testbench/line__85  File: F:/COMP3211/project/debug/COMP3211-project/pipelined_processor_updated/pipelined_processor_updated.srcs/sim_1/new/Testbench.vhd
Error: STD_LOGIC_1164.READ(STD_ULOGIC_VECTOR) End of string encountered
Time: 26436 ns  Iteration: 0  Process: /Testbench/line__85  File: F:/COMP3211/project/debug/COMP3211-project/pipelined_processor_updated/pipelined_processor_updated.srcs/sim_1/new/Testbench.vhd
Error: STD_LOGIC_1164.READ(STD_ULOGIC_VECTOR) End of string encountered
Time: 26958 ns  Iteration: 0  Process: /Testbench/line__85  File: F:/COMP3211/project/debug/COMP3211-project/pipelined_processor_updated/pipelined_processor_updated.srcs/sim_1/new/Testbench.vhd
Warning: TEXTIO function READ: line is empty
Time: 26958 ns  Iteration: 0  Process: /Testbench/line__85  File: F:/COMP3211/project/debug/COMP3211-project/pipelined_processor_updated/pipelined_processor_updated.srcs/sim_1/new/Testbench.vhd
Error: STD_LOGIC_1164.READ(STD_ULOGIC_VECTOR) End of string encountered
Time: 26958 ns  Iteration: 0  Process: /Testbench/line__85  File: F:/COMP3211/project/debug/COMP3211-project/pipelined_processor_updated/pipelined_processor_updated.srcs/sim_1/new/Testbench.vhd
Error: STD_LOGIC_1164.READ(STD_ULOGIC_VECTOR) End of string encountered
Time: 27480 ns  Iteration: 0  Process: /Testbench/line__85  File: F:/COMP3211/project/debug/COMP3211-project/pipelined_processor_updated/pipelined_processor_updated.srcs/sim_1/new/Testbench.vhd
Warning: TEXTIO function READ: line is empty
Time: 27480 ns  Iteration: 0  Process: /Testbench/line__85  File: F:/COMP3211/project/debug/COMP3211-project/pipelined_processor_updated/pipelined_processor_updated.srcs/sim_1/new/Testbench.vhd
Error: STD_LOGIC_1164.READ(STD_ULOGIC_VECTOR) End of string encountered
Time: 27480 ns  Iteration: 0  Process: /Testbench/line__85  File: F:/COMP3211/project/debug/COMP3211-project/pipelined_processor_updated/pipelined_processor_updated.srcs/sim_1/new/Testbench.vhd
Error: STD_LOGIC_1164.READ(STD_ULOGIC_VECTOR) End of string encountered
Time: 28002 ns  Iteration: 0  Process: /Testbench/line__85  File: F:/COMP3211/project/debug/COMP3211-project/pipelined_processor_updated/pipelined_processor_updated.srcs/sim_1/new/Testbench.vhd
Warning: TEXTIO function READ: line is empty
Time: 28002 ns  Iteration: 0  Process: /Testbench/line__85  File: F:/COMP3211/project/debug/COMP3211-project/pipelined_processor_updated/pipelined_processor_updated.srcs/sim_1/new/Testbench.vhd
Error: STD_LOGIC_1164.READ(STD_ULOGIC_VECTOR) End of string encountered
Time: 28002 ns  Iteration: 0  Process: /Testbench/line__85  File: F:/COMP3211/project/debug/COMP3211-project/pipelined_processor_updated/pipelined_processor_updated.srcs/sim_1/new/Testbench.vhd
Error: STD_LOGIC_1164.READ(STD_ULOGIC_VECTOR) End of string encountered
Time: 28524 ns  Iteration: 0  Process: /Testbench/line__85  File: F:/COMP3211/project/debug/COMP3211-project/pipelined_processor_updated/pipelined_processor_updated.srcs/sim_1/new/Testbench.vhd
Warning: TEXTIO function READ: line is empty
Time: 28524 ns  Iteration: 0  Process: /Testbench/line__85  File: F:/COMP3211/project/debug/COMP3211-project/pipelined_processor_updated/pipelined_processor_updated.srcs/sim_1/new/Testbench.vhd
Error: STD_LOGIC_1164.READ(STD_ULOGIC_VECTOR) End of string encountered
Time: 28524 ns  Iteration: 0  Process: /Testbench/line__85  File: F:/COMP3211/project/debug/COMP3211-project/pipelined_processor_updated/pipelined_processor_updated.srcs/sim_1/new/Testbench.vhd
Error: STD_LOGIC_1164.READ(STD_ULOGIC_VECTOR) End of string encountered
Time: 29046 ns  Iteration: 0  Process: /Testbench/line__85  File: F:/COMP3211/project/debug/COMP3211-project/pipelined_processor_updated/pipelined_processor_updated.srcs/sim_1/new/Testbench.vhd
Warning: TEXTIO function READ: line is empty
Time: 29046 ns  Iteration: 0  Process: /Testbench/line__85  File: F:/COMP3211/project/debug/COMP3211-project/pipelined_processor_updated/pipelined_processor_updated.srcs/sim_1/new/Testbench.vhd
Error: STD_LOGIC_1164.READ(STD_ULOGIC_VECTOR) End of string encountered
Time: 29046 ns  Iteration: 0  Process: /Testbench/line__85  File: F:/COMP3211/project/debug/COMP3211-project/pipelined_processor_updated/pipelined_processor_updated.srcs/sim_1/new/Testbench.vhd
Error: STD_LOGIC_1164.READ(STD_ULOGIC_VECTOR) End of string encountered
Time: 30536 ns  Iteration: 0  Process: /Testbench/line__85  File: F:/COMP3211/project/debug/COMP3211-project/pipelined_processor_updated/pipelined_processor_updated.srcs/sim_1/new/Testbench.vhd
Warning: TEXTIO function READ: line is empty
Time: 30536 ns  Iteration: 0  Process: /Testbench/line__85  File: F:/COMP3211/project/debug/COMP3211-project/pipelined_processor_updated/pipelined_processor_updated.srcs/sim_1/new/Testbench.vhd
Error: STD_LOGIC_1164.READ(STD_ULOGIC_VECTOR) End of string encountered
Time: 30536 ns  Iteration: 0  Process: /Testbench/line__85  File: F:/COMP3211/project/debug/COMP3211-project/pipelined_processor_updated/pipelined_processor_updated.srcs/sim_1/new/Testbench.vhd
Error: STD_LOGIC_1164.READ(STD_ULOGIC_VECTOR) End of string encountered
Time: 31090 ns  Iteration: 0  Process: /Testbench/line__85  File: F:/COMP3211/project/debug/COMP3211-project/pipelined_processor_updated/pipelined_processor_updated.srcs/sim_1/new/Testbench.vhd
Warning: TEXTIO function READ: line is empty
Time: 31090 ns  Iteration: 0  Process: /Testbench/line__85  File: F:/COMP3211/project/debug/COMP3211-project/pipelined_processor_updated/pipelined_processor_updated.srcs/sim_1/new/Testbench.vhd
Error: STD_LOGIC_1164.READ(STD_ULOGIC_VECTOR) End of string encountered
Time: 31090 ns  Iteration: 0  Process: /Testbench/line__85  File: F:/COMP3211/project/debug/COMP3211-project/pipelined_processor_updated/pipelined_processor_updated.srcs/sim_1/new/Testbench.vhd
Error: STD_LOGIC_1164.READ(STD_ULOGIC_VECTOR) End of string encountered
Time: 31612 ns  Iteration: 0  Process: /Testbench/line__85  File: F:/COMP3211/project/debug/COMP3211-project/pipelined_processor_updated/pipelined_processor_updated.srcs/sim_1/new/Testbench.vhd
Warning: TEXTIO function READ: line is empty
Time: 31612 ns  Iteration: 0  Process: /Testbench/line__85  File: F:/COMP3211/project/debug/COMP3211-project/pipelined_processor_updated/pipelined_processor_updated.srcs/sim_1/new/Testbench.vhd
Error: STD_LOGIC_1164.READ(STD_ULOGIC_VECTOR) End of string encountered
Time: 31612 ns  Iteration: 0  Process: /Testbench/line__85  File: F:/COMP3211/project/debug/COMP3211-project/pipelined_processor_updated/pipelined_processor_updated.srcs/sim_1/new/Testbench.vhd
Error: STD_LOGIC_1164.READ(STD_ULOGIC_VECTOR) End of string encountered
Time: 32134 ns  Iteration: 0  Process: /Testbench/line__85  File: F:/COMP3211/project/debug/COMP3211-project/pipelined_processor_updated/pipelined_processor_updated.srcs/sim_1/new/Testbench.vhd
Warning: TEXTIO function READ: line is empty
Time: 32134 ns  Iteration: 0  Process: /Testbench/line__85  File: F:/COMP3211/project/debug/COMP3211-project/pipelined_processor_updated/pipelined_processor_updated.srcs/sim_1/new/Testbench.vhd
Error: STD_LOGIC_1164.READ(STD_ULOGIC_VECTOR) End of string encountered
Time: 32134 ns  Iteration: 0  Process: /Testbench/line__85  File: F:/COMP3211/project/debug/COMP3211-project/pipelined_processor_updated/pipelined_processor_updated.srcs/sim_1/new/Testbench.vhd
Error: STD_LOGIC_1164.READ(STD_ULOGIC_VECTOR) End of string encountered
Time: 32656 ns  Iteration: 0  Process: /Testbench/line__85  File: F:/COMP3211/project/debug/COMP3211-project/pipelined_processor_updated/pipelined_processor_updated.srcs/sim_1/new/Testbench.vhd
Warning: TEXTIO function READ: line is empty
Time: 32656 ns  Iteration: 0  Process: /Testbench/line__85  File: F:/COMP3211/project/debug/COMP3211-project/pipelined_processor_updated/pipelined_processor_updated.srcs/sim_1/new/Testbench.vhd
Error: STD_LOGIC_1164.READ(STD_ULOGIC_VECTOR) End of string encountered
Time: 32656 ns  Iteration: 0  Process: /Testbench/line__85  File: F:/COMP3211/project/debug/COMP3211-project/pipelined_processor_updated/pipelined_processor_updated.srcs/sim_1/new/Testbench.vhd
Error: STD_LOGIC_1164.READ(STD_ULOGIC_VECTOR) End of string encountered
Time: 33178 ns  Iteration: 0  Process: /Testbench/line__85  File: F:/COMP3211/project/debug/COMP3211-project/pipelined_processor_updated/pipelined_processor_updated.srcs/sim_1/new/Testbench.vhd
Warning: TEXTIO function READ: line is empty
Time: 33178 ns  Iteration: 0  Process: /Testbench/line__85  File: F:/COMP3211/project/debug/COMP3211-project/pipelined_processor_updated/pipelined_processor_updated.srcs/sim_1/new/Testbench.vhd
Error: STD_LOGIC_1164.READ(STD_ULOGIC_VECTOR) End of string encountered
Time: 33178 ns  Iteration: 0  Process: /Testbench/line__85  File: F:/COMP3211/project/debug/COMP3211-project/pipelined_processor_updated/pipelined_processor_updated.srcs/sim_1/new/Testbench.vhd
Error: STD_LOGIC_1164.READ(STD_ULOGIC_VECTOR) End of string encountered
Time: 33700 ns  Iteration: 0  Process: /Testbench/line__85  File: F:/COMP3211/project/debug/COMP3211-project/pipelined_processor_updated/pipelined_processor_updated.srcs/sim_1/new/Testbench.vhd
Warning: TEXTIO function READ: line is empty
Time: 33700 ns  Iteration: 0  Process: /Testbench/line__85  File: F:/COMP3211/project/debug/COMP3211-project/pipelined_processor_updated/pipelined_processor_updated.srcs/sim_1/new/Testbench.vhd
Error: STD_LOGIC_1164.READ(STD_ULOGIC_VECTOR) End of string encountered
Time: 33700 ns  Iteration: 0  Process: /Testbench/line__85  File: F:/COMP3211/project/debug/COMP3211-project/pipelined_processor_updated/pipelined_processor_updated.srcs/sim_1/new/Testbench.vhd
Error: STD_LOGIC_1164.READ(STD_ULOGIC_VECTOR) End of string encountered
Time: 34222 ns  Iteration: 0  Process: /Testbench/line__85  File: F:/COMP3211/project/debug/COMP3211-project/pipelined_processor_updated/pipelined_processor_updated.srcs/sim_1/new/Testbench.vhd
Warning: TEXTIO function READ: line is empty
Time: 34222 ns  Iteration: 0  Process: /Testbench/line__85  File: F:/COMP3211/project/debug/COMP3211-project/pipelined_processor_updated/pipelined_processor_updated.srcs/sim_1/new/Testbench.vhd
Error: STD_LOGIC_1164.READ(STD_ULOGIC_VECTOR) End of string encountered
Time: 34222 ns  Iteration: 0  Process: /Testbench/line__85  File: F:/COMP3211/project/debug/COMP3211-project/pipelined_processor_updated/pipelined_processor_updated.srcs/sim_1/new/Testbench.vhd
Error: STD_LOGIC_1164.READ(STD_ULOGIC_VECTOR) End of string encountered
Time: 34744 ns  Iteration: 0  Process: /Testbench/line__85  File: F:/COMP3211/project/debug/COMP3211-project/pipelined_processor_updated/pipelined_processor_updated.srcs/sim_1/new/Testbench.vhd
Warning: TEXTIO function READ: line is empty
Time: 34744 ns  Iteration: 0  Process: /Testbench/line__85  File: F:/COMP3211/project/debug/COMP3211-project/pipelined_processor_updated/pipelined_processor_updated.srcs/sim_1/new/Testbench.vhd
Error: STD_LOGIC_1164.READ(STD_ULOGIC_VECTOR) End of string encountered
Time: 34744 ns  Iteration: 0  Process: /Testbench/line__85  File: F:/COMP3211/project/debug/COMP3211-project/pipelined_processor_updated/pipelined_processor_updated.srcs/sim_1/new/Testbench.vhd
