
*** Running vivado
    with args -log single_cycle_core.vds -m64 -product Vivado -mode batch -messageDb vivado.pb -notrace -source single_cycle_core.tcl



****** Vivado v2020.2 (64-bit)
  **** SW Build 3064766 on Wed Nov 18 09:12:45 MST 2020
  **** IP Build 3064653 on Wed Nov 18 14:17:31 MST 2020
    ** Copyright 1986-2020 Xilinx, Inc. All Rights Reserved.

source single_cycle_core.tcl -notrace
Command: synth_design -top single_cycle_core -part xc7a100tftg256-3
Starting synth_design
Attempting to get a license for feature 'Synthesis' and/or device 'xc7a100t'
INFO: [Common 17-349] Got license for feature 'Synthesis' and/or device 'xc7a100t'
INFO: [Device 21-403] Loading part xc7a100tftg256-3
INFO: [Synth 8-7079] Multithreading enabled for synth_design using a maximum of 2 processes.
INFO: [Synth 8-7078] Launching helper process for spawning children vivado processes
INFO: [Synth 8-7075] Helper process launched with PID 12316
---------------------------------------------------------------------------------
Starting RTL Elaboration : Time (s): cpu = 00:00:05 ; elapsed = 00:00:07 . Memory (MB): peak = 1002.359 ; gain = 0.000
---------------------------------------------------------------------------------
INFO: [Synth 8-638] synthesizing module 'single_cycle_core' [F:/Taozi/lab3/single_cycle_core/single_cycle_core/VHDL/single_cycle_core.vhd:55]
INFO: [Synth 8-3491] module 'program_counter' declared at 'F:/Taozi/lab3/single_cycle_core/single_cycle_core/VHDL/program_counter.vhd:28' bound to instance 'pc' of component 'program_counter' [F:/Taozi/lab3/single_cycle_core/single_cycle_core/VHDL/single_cycle_core.vhd:261]
INFO: [Synth 8-638] synthesizing module 'program_counter' [F:/Taozi/lab3/single_cycle_core/single_cycle_core/VHDL/program_counter.vhd:35]
INFO: [Synth 8-256] done synthesizing module 'program_counter' (1#1) [F:/Taozi/lab3/single_cycle_core/single_cycle_core/VHDL/program_counter.vhd:35]
INFO: [Synth 8-3491] module 'adder_4b' declared at 'F:/Taozi/lab3/single_cycle_core/single_cycle_core/VHDL/adder_4b.vhd:25' bound to instance 'next_pc' of component 'adder_4b' [F:/Taozi/lab3/single_cycle_core/single_cycle_core/VHDL/single_cycle_core.vhd:267]
INFO: [Synth 8-638] synthesizing module 'adder_4b' [F:/Taozi/lab3/single_cycle_core/single_cycle_core/VHDL/adder_4b.vhd:32]
INFO: [Synth 8-256] done synthesizing module 'adder_4b' (2#1) [F:/Taozi/lab3/single_cycle_core/single_cycle_core/VHDL/adder_4b.vhd:32]
INFO: [Synth 8-3491] module 'instruction_memory' declared at 'F:/Taozi/lab3/single_cycle_core/single_cycle_core/VHDL/instruction_memory.vhd:27' bound to instance 'insn_mem' of component 'instruction_memory' [F:/Taozi/lab3/single_cycle_core/single_cycle_core/VHDL/single_cycle_core.vhd:273]
INFO: [Synth 8-638] synthesizing module 'instruction_memory' [F:/Taozi/lab3/single_cycle_core/single_cycle_core/VHDL/instruction_memory.vhd:34]
INFO: [Synth 8-256] done synthesizing module 'instruction_memory' (3#1) [F:/Taozi/lab3/single_cycle_core/single_cycle_core/VHDL/instruction_memory.vhd:34]
INFO: [Synth 8-3491] module 'IF_ID_stage_registers' declared at 'F:/Taozi/lab3/lab3/lab3.srcs/sources_1/new/IF_ID_stage_registers.vhd:34' bound to instance 'IF_ID_reg' of component 'IF_ID_stage_registers' [F:/Taozi/lab3/single_cycle_core/single_cycle_core/VHDL/single_cycle_core.vhd:280]
INFO: [Synth 8-638] synthesizing module 'IF_ID_stage_registers' [F:/Taozi/lab3/lab3/lab3.srcs/sources_1/new/IF_ID_stage_registers.vhd:41]
INFO: [Synth 8-256] done synthesizing module 'IF_ID_stage_registers' (4#1) [F:/Taozi/lab3/lab3/lab3.srcs/sources_1/new/IF_ID_stage_registers.vhd:41]
INFO: [Synth 8-3491] module 'sign_extend_4to16' declared at 'F:/Taozi/lab3/single_cycle_core/single_cycle_core/VHDL/sign_extend_4to16.vhd:25' bound to instance 'sign_extend' of component 'sign_extend_4to16' [F:/Taozi/lab3/single_cycle_core/single_cycle_core/VHDL/single_cycle_core.vhd:286]
INFO: [Synth 8-638] synthesizing module 'sign_extend_4to16' [F:/Taozi/lab3/single_cycle_core/single_cycle_core/VHDL/sign_extend_4to16.vhd:30]
INFO: [Synth 8-256] done synthesizing module 'sign_extend_4to16' (5#1) [F:/Taozi/lab3/single_cycle_core/single_cycle_core/VHDL/sign_extend_4to16.vhd:30]
INFO: [Synth 8-3491] module 'control_unit' declared at 'F:/Taozi/lab3/single_cycle_core/single_cycle_core/VHDL/control_unit.vhd:44' bound to instance 'ctrl_unit' of component 'control_unit' [F:/Taozi/lab3/single_cycle_core/single_cycle_core/VHDL/single_cycle_core.vhd:290]
INFO: [Synth 8-638] synthesizing module 'control_unit' [F:/Taozi/lab3/single_cycle_core/single_cycle_core/VHDL/control_unit.vhd:53]
INFO: [Synth 8-256] done synthesizing module 'control_unit' (6#1) [F:/Taozi/lab3/single_cycle_core/single_cycle_core/VHDL/control_unit.vhd:53]
INFO: [Synth 8-3491] module 'mux_2to1_4b' declared at 'F:/Taozi/lab3/single_cycle_core/single_cycle_core/VHDL/mux_2to1_4b.vhd:25' bound to instance 'mux_reg_dst' of component 'mux_2to1_4b' [F:/Taozi/lab3/single_cycle_core/single_cycle_core/VHDL/single_cycle_core.vhd:298]
INFO: [Synth 8-638] synthesizing module 'mux_2to1_4b' [F:/Taozi/lab3/single_cycle_core/single_cycle_core/VHDL/mux_2to1_4b.vhd:32]
INFO: [Synth 8-3491] module 'mux_2to1_1b' declared at 'F:/Taozi/lab3/single_cycle_core/single_cycle_core/VHDL/mux_2to1_1b.vhd:25' bound to instance 'bit_mux' of component 'mux_2to1_1b' [F:/Taozi/lab3/single_cycle_core/single_cycle_core/VHDL/mux_2to1_4b.vhd:45]
INFO: [Synth 8-638] synthesizing module 'mux_2to1_1b' [F:/Taozi/lab3/single_cycle_core/single_cycle_core/VHDL/mux_2to1_1b.vhd:32]
INFO: [Synth 8-256] done synthesizing module 'mux_2to1_1b' (7#1) [F:/Taozi/lab3/single_cycle_core/single_cycle_core/VHDL/mux_2to1_1b.vhd:32]
INFO: [Synth 8-3491] module 'mux_2to1_1b' declared at 'F:/Taozi/lab3/single_cycle_core/single_cycle_core/VHDL/mux_2to1_1b.vhd:25' bound to instance 'bit_mux' of component 'mux_2to1_1b' [F:/Taozi/lab3/single_cycle_core/single_cycle_core/VHDL/mux_2to1_4b.vhd:45]
INFO: [Synth 8-3491] module 'mux_2to1_1b' declared at 'F:/Taozi/lab3/single_cycle_core/single_cycle_core/VHDL/mux_2to1_1b.vhd:25' bound to instance 'bit_mux' of component 'mux_2to1_1b' [F:/Taozi/lab3/single_cycle_core/single_cycle_core/VHDL/mux_2to1_4b.vhd:45]
INFO: [Synth 8-3491] module 'mux_2to1_1b' declared at 'F:/Taozi/lab3/single_cycle_core/single_cycle_core/VHDL/mux_2to1_1b.vhd:25' bound to instance 'bit_mux' of component 'mux_2to1_1b' [F:/Taozi/lab3/single_cycle_core/single_cycle_core/VHDL/mux_2to1_4b.vhd:45]
INFO: [Synth 8-256] done synthesizing module 'mux_2to1_4b' (8#1) [F:/Taozi/lab3/single_cycle_core/single_cycle_core/VHDL/mux_2to1_4b.vhd:32]
INFO: [Synth 8-3491] module 'register_file' declared at 'F:/Taozi/lab3/single_cycle_core/single_cycle_core/VHDL/register_file.vhd:26' bound to instance 'reg_file' of component 'register_file' [F:/Taozi/lab3/single_cycle_core/single_cycle_core/VHDL/single_cycle_core.vhd:304]
INFO: [Synth 8-638] synthesizing module 'register_file' [F:/Taozi/lab3/single_cycle_core/single_cycle_core/VHDL/register_file.vhd:38]
INFO: [Synth 8-256] done synthesizing module 'register_file' (9#1) [F:/Taozi/lab3/single_cycle_core/single_cycle_core/VHDL/register_file.vhd:38]
INFO: [Synth 8-3491] module 'mux_2to1_16b' declared at 'F:/Taozi/lab3/single_cycle_core/single_cycle_core/VHDL/mux_2to1_16b.vhd:25' bound to instance 'mux_alu_src' of component 'mux_2to1_16b' [F:/Taozi/lab3/single_cycle_core/single_cycle_core/VHDL/single_cycle_core.vhd:315]
INFO: [Synth 8-638] synthesizing module 'mux_2to1_16b' [F:/Taozi/lab3/single_cycle_core/single_cycle_core/VHDL/mux_2to1_16b.vhd:32]
INFO: [Synth 8-3491] module 'mux_2to1_1b' declared at 'F:/Taozi/lab3/single_cycle_core/single_cycle_core/VHDL/mux_2to1_1b.vhd:25' bound to instance 'bit_mux' of component 'mux_2to1_1b' [F:/Taozi/lab3/single_cycle_core/single_cycle_core/VHDL/mux_2to1_16b.vhd:45]
INFO: [Synth 8-3491] module 'mux_2to1_1b' declared at 'F:/Taozi/lab3/single_cycle_core/single_cycle_core/VHDL/mux_2to1_1b.vhd:25' bound to instance 'bit_mux' of component 'mux_2to1_1b' [F:/Taozi/lab3/single_cycle_core/single_cycle_core/VHDL/mux_2to1_16b.vhd:45]
INFO: [Synth 8-3491] module 'mux_2to1_1b' declared at 'F:/Taozi/lab3/single_cycle_core/single_cycle_core/VHDL/mux_2to1_1b.vhd:25' bound to instance 'bit_mux' of component 'mux_2to1_1b' [F:/Taozi/lab3/single_cycle_core/single_cycle_core/VHDL/mux_2to1_16b.vhd:45]
INFO: [Synth 8-3491] module 'mux_2to1_1b' declared at 'F:/Taozi/lab3/single_cycle_core/single_cycle_core/VHDL/mux_2to1_1b.vhd:25' bound to instance 'bit_mux' of component 'mux_2to1_1b' [F:/Taozi/lab3/single_cycle_core/single_cycle_core/VHDL/mux_2to1_16b.vhd:45]
INFO: [Synth 8-3491] module 'mux_2to1_1b' declared at 'F:/Taozi/lab3/single_cycle_core/single_cycle_core/VHDL/mux_2to1_1b.vhd:25' bound to instance 'bit_mux' of component 'mux_2to1_1b' [F:/Taozi/lab3/single_cycle_core/single_cycle_core/VHDL/mux_2to1_16b.vhd:45]
INFO: [Synth 8-3491] module 'mux_2to1_1b' declared at 'F:/Taozi/lab3/single_cycle_core/single_cycle_core/VHDL/mux_2to1_1b.vhd:25' bound to instance 'bit_mux' of component 'mux_2to1_1b' [F:/Taozi/lab3/single_cycle_core/single_cycle_core/VHDL/mux_2to1_16b.vhd:45]
INFO: [Synth 8-3491] module 'mux_2to1_1b' declared at 'F:/Taozi/lab3/single_cycle_core/single_cycle_core/VHDL/mux_2to1_1b.vhd:25' bound to instance 'bit_mux' of component 'mux_2to1_1b' [F:/Taozi/lab3/single_cycle_core/single_cycle_core/VHDL/mux_2to1_16b.vhd:45]
INFO: [Synth 8-3491] module 'mux_2to1_1b' declared at 'F:/Taozi/lab3/single_cycle_core/single_cycle_core/VHDL/mux_2to1_1b.vhd:25' bound to instance 'bit_mux' of component 'mux_2to1_1b' [F:/Taozi/lab3/single_cycle_core/single_cycle_core/VHDL/mux_2to1_16b.vhd:45]
INFO: [Synth 8-3491] module 'mux_2to1_1b' declared at 'F:/Taozi/lab3/single_cycle_core/single_cycle_core/VHDL/mux_2to1_1b.vhd:25' bound to instance 'bit_mux' of component 'mux_2to1_1b' [F:/Taozi/lab3/single_cycle_core/single_cycle_core/VHDL/mux_2to1_16b.vhd:45]
INFO: [Synth 8-3491] module 'mux_2to1_1b' declared at 'F:/Taozi/lab3/single_cycle_core/single_cycle_core/VHDL/mux_2to1_1b.vhd:25' bound to instance 'bit_mux' of component 'mux_2to1_1b' [F:/Taozi/lab3/single_cycle_core/single_cycle_core/VHDL/mux_2to1_16b.vhd:45]
INFO: [Synth 8-3491] module 'mux_2to1_1b' declared at 'F:/Taozi/lab3/single_cycle_core/single_cycle_core/VHDL/mux_2to1_1b.vhd:25' bound to instance 'bit_mux' of component 'mux_2to1_1b' [F:/Taozi/lab3/single_cycle_core/single_cycle_core/VHDL/mux_2to1_16b.vhd:45]
INFO: [Synth 8-3491] module 'mux_2to1_1b' declared at 'F:/Taozi/lab3/single_cycle_core/single_cycle_core/VHDL/mux_2to1_1b.vhd:25' bound to instance 'bit_mux' of component 'mux_2to1_1b' [F:/Taozi/lab3/single_cycle_core/single_cycle_core/VHDL/mux_2to1_16b.vhd:45]
INFO: [Synth 8-3491] module 'mux_2to1_1b' declared at 'F:/Taozi/lab3/single_cycle_core/single_cycle_core/VHDL/mux_2to1_1b.vhd:25' bound to instance 'bit_mux' of component 'mux_2to1_1b' [F:/Taozi/lab3/single_cycle_core/single_cycle_core/VHDL/mux_2to1_16b.vhd:45]
INFO: [Synth 8-3491] module 'mux_2to1_1b' declared at 'F:/Taozi/lab3/single_cycle_core/single_cycle_core/VHDL/mux_2to1_1b.vhd:25' bound to instance 'bit_mux' of component 'mux_2to1_1b' [F:/Taozi/lab3/single_cycle_core/single_cycle_core/VHDL/mux_2to1_16b.vhd:45]
INFO: [Synth 8-3491] module 'mux_2to1_1b' declared at 'F:/Taozi/lab3/single_cycle_core/single_cycle_core/VHDL/mux_2to1_1b.vhd:25' bound to instance 'bit_mux' of component 'mux_2to1_1b' [F:/Taozi/lab3/single_cycle_core/single_cycle_core/VHDL/mux_2to1_16b.vhd:45]
INFO: [Synth 8-3491] module 'mux_2to1_1b' declared at 'F:/Taozi/lab3/single_cycle_core/single_cycle_core/VHDL/mux_2to1_1b.vhd:25' bound to instance 'bit_mux' of component 'mux_2to1_1b' [F:/Taozi/lab3/single_cycle_core/single_cycle_core/VHDL/mux_2to1_16b.vhd:45]
INFO: [Synth 8-256] done synthesizing module 'mux_2to1_16b' (10#1) [F:/Taozi/lab3/single_cycle_core/single_cycle_core/VHDL/mux_2to1_16b.vhd:32]
INFO: [Synth 8-3491] module 'ID_EX_stage_register' declared at 'F:/Taozi/lab3/lab3/lab3.srcs/sources_1/new/ID_EX_stage_register.vhd:34' bound to instance 'ID_EX_reg' of component 'ID_EX_stage_register' [F:/Taozi/lab3/single_cycle_core/single_cycle_core/VHDL/single_cycle_core.vhd:322]
INFO: [Synth 8-638] synthesizing module 'ID_EX_stage_register' [F:/Taozi/lab3/lab3/lab3.srcs/sources_1/new/ID_EX_stage_register.vhd:57]
INFO: [Synth 8-256] done synthesizing module 'ID_EX_stage_register' (11#1) [F:/Taozi/lab3/lab3/lab3.srcs/sources_1/new/ID_EX_stage_register.vhd:57]
INFO: [Synth 8-3491] module 'mux_3to1_16b' declared at 'F:/Taozi/lab3/lab3/lab3.srcs/sources_1/new/mux_3to1_16b.vhd:34' bound to instance 'mux_forwarding_rs' of component 'mux_3to1_16b' [F:/Taozi/lab3/single_cycle_core/single_cycle_core/VHDL/single_cycle_core.vhd:345]
INFO: [Synth 8-638] synthesizing module 'mux_3to1_16b' [F:/Taozi/lab3/lab3/lab3.srcs/sources_1/new/mux_3to1_16b.vhd:42]
INFO: [Synth 8-256] done synthesizing module 'mux_3to1_16b' (12#1) [F:/Taozi/lab3/lab3/lab3.srcs/sources_1/new/mux_3to1_16b.vhd:42]
INFO: [Synth 8-3491] module 'mux_3to1_16b' declared at 'F:/Taozi/lab3/lab3/lab3.srcs/sources_1/new/mux_3to1_16b.vhd:34' bound to instance 'mux_forwarding_rt' of component 'mux_3to1_16b' [F:/Taozi/lab3/single_cycle_core/single_cycle_core/VHDL/single_cycle_core.vhd:353]
INFO: [Synth 8-3491] module 'forwarding_handler' declared at 'F:/Taozi/lab3/lab3/lab3.srcs/sources_1/new/forwarding_handler.vhd:34' bound to instance 'forwarding_unit' of component 'forwarding_handler' [F:/Taozi/lab3/single_cycle_core/single_cycle_core/VHDL/single_cycle_core.vhd:361]
INFO: [Synth 8-638] synthesizing module 'forwarding_handler' [F:/Taozi/lab3/lab3/lab3.srcs/sources_1/new/forwarding_handler.vhd:45]
INFO: [Synth 8-256] done synthesizing module 'forwarding_handler' (13#1) [F:/Taozi/lab3/lab3/lab3.srcs/sources_1/new/forwarding_handler.vhd:45]
INFO: [Synth 8-3491] module 'adder_16b' declared at 'F:/Taozi/lab3/single_cycle_core/single_cycle_core/VHDL/adder_16b.vhd:25' bound to instance 'alu' of component 'adder_16b' [F:/Taozi/lab3/single_cycle_core/single_cycle_core/VHDL/single_cycle_core.vhd:371]
INFO: [Synth 8-638] synthesizing module 'adder_16b' [F:/Taozi/lab3/single_cycle_core/single_cycle_core/VHDL/adder_16b.vhd:32]
INFO: [Synth 8-256] done synthesizing module 'adder_16b' (14#1) [F:/Taozi/lab3/single_cycle_core/single_cycle_core/VHDL/adder_16b.vhd:32]
INFO: [Synth 8-3491] module 'EX_MEM_stage_registers' declared at 'F:/Taozi/lab3/lab3/lab3.srcs/sources_1/new/EX_MEM_stage_registers.vhd:34' bound to instance 'EX_MEM_reg' of component 'EX_MEM_stage_registers' [F:/Taozi/lab3/single_cycle_core/single_cycle_core/VHDL/single_cycle_core.vhd:378]
INFO: [Synth 8-638] synthesizing module 'EX_MEM_stage_registers' [F:/Taozi/lab3/lab3/lab3.srcs/sources_1/new/EX_MEM_stage_registers.vhd:51]
INFO: [Synth 8-256] done synthesizing module 'EX_MEM_stage_registers' (15#1) [F:/Taozi/lab3/lab3/lab3.srcs/sources_1/new/EX_MEM_stage_registers.vhd:51]
INFO: [Synth 8-3491] module 'data_memory' declared at 'F:/Taozi/lab3/single_cycle_core/single_cycle_core/VHDL/data_memory.vhd:26' bound to instance 'data_mem' of component 'data_memory' [F:/Taozi/lab3/single_cycle_core/single_cycle_core/VHDL/single_cycle_core.vhd:394]
INFO: [Synth 8-638] synthesizing module 'data_memory' [F:/Taozi/lab3/single_cycle_core/single_cycle_core/VHDL/data_memory.vhd:35]
WARNING: [Synth 8-614] signal 'reset' is read in the process but is not in the sensitivity list [F:/Taozi/lab3/single_cycle_core/single_cycle_core/VHDL/data_memory.vhd:41]
INFO: [Synth 8-256] done synthesizing module 'data_memory' (16#1) [F:/Taozi/lab3/single_cycle_core/single_cycle_core/VHDL/data_memory.vhd:35]
INFO: [Synth 8-3491] module 'mux_2to1_16b' declared at 'F:/Taozi/lab3/single_cycle_core/single_cycle_core/VHDL/mux_2to1_16b.vhd:25' bound to instance 'mux_mem_to_reg' of component 'mux_2to1_16b' [F:/Taozi/lab3/single_cycle_core/single_cycle_core/VHDL/single_cycle_core.vhd:402]
INFO: [Synth 8-3491] module 'MEM_WB_stage_registers' declared at 'F:/Taozi/lab3/lab3/lab3.srcs/sources_1/new/MEM_WB_stage_registers.vhd:34' bound to instance 'MEM_WB_reg' of component 'MEM_WB_stage_registers' [F:/Taozi/lab3/single_cycle_core/single_cycle_core/VHDL/single_cycle_core.vhd:409]
INFO: [Synth 8-638] synthesizing module 'MEM_WB_stage_registers' [F:/Taozi/lab3/lab3/lab3.srcs/sources_1/new/MEM_WB_stage_registers.vhd:45]
INFO: [Synth 8-256] done synthesizing module 'MEM_WB_stage_registers' (17#1) [F:/Taozi/lab3/lab3/lab3.srcs/sources_1/new/MEM_WB_stage_registers.vhd:45]
INFO: [Synth 8-256] done synthesizing module 'single_cycle_core' (18#1) [F:/Taozi/lab3/single_cycle_core/single_cycle_core/VHDL/single_cycle_core.vhd:55]
---------------------------------------------------------------------------------
Finished RTL Elaboration : Time (s): cpu = 00:00:07 ; elapsed = 00:00:09 . Memory (MB): peak = 1002.359 ; gain = 0.000
---------------------------------------------------------------------------------
---------------------------------------------------------------------------------
Start Handling Custom Attributes
---------------------------------------------------------------------------------
---------------------------------------------------------------------------------
Finished Handling Custom Attributes : Time (s): cpu = 00:00:08 ; elapsed = 00:00:11 . Memory (MB): peak = 1002.359 ; gain = 0.000
---------------------------------------------------------------------------------
---------------------------------------------------------------------------------
Finished RTL Optimization Phase 1 : Time (s): cpu = 00:00:08 ; elapsed = 00:00:11 . Memory (MB): peak = 1002.359 ; gain = 0.000
---------------------------------------------------------------------------------
Netlist sorting complete. Time (s): cpu = 00:00:00 ; elapsed = 00:00:00.025 . Memory (MB): peak = 1002.359 ; gain = 0.000
INFO: [Project 1-570] Preparing netlist for logic optimization

Processing XDC Constraints
Initializing timing engine
Parsing XDC File [F:/Taozi/lab3/lab3/lab3.srcs/constrs_1/new/cons_1.xdc]
Finished Parsing XDC File [F:/Taozi/lab3/lab3/lab3.srcs/constrs_1/new/cons_1.xdc]
Completed Processing XDC Constraints

Netlist sorting complete. Time (s): cpu = 00:00:00 ; elapsed = 00:00:00 . Memory (MB): peak = 1059.875 ; gain = 0.000
INFO: [Project 1-111] Unisim Transformation Summary:
No Unisim elements were transformed.

Constraint Validation Runtime : Time (s): cpu = 00:00:00 ; elapsed = 00:00:00.059 . Memory (MB): peak = 1059.875 ; gain = 0.000
---------------------------------------------------------------------------------
Finished Constraint Validation : Time (s): cpu = 00:00:15 ; elapsed = 00:00:20 . Memory (MB): peak = 1059.875 ; gain = 57.516
---------------------------------------------------------------------------------
---------------------------------------------------------------------------------
Start Loading Part and Timing Information
---------------------------------------------------------------------------------
Loading part: xc7a100tftg256-3
---------------------------------------------------------------------------------
Finished Loading Part and Timing Information : Time (s): cpu = 00:00:15 ; elapsed = 00:00:20 . Memory (MB): peak = 1059.875 ; gain = 57.516
---------------------------------------------------------------------------------
---------------------------------------------------------------------------------
Start Applying 'set_property' XDC Constraints
---------------------------------------------------------------------------------
---------------------------------------------------------------------------------
Finished applying 'set_property' XDC Constraints : Time (s): cpu = 00:00:15 ; elapsed = 00:00:20 . Memory (MB): peak = 1059.875 ; gain = 57.516
---------------------------------------------------------------------------------
WARNING: [Synth 8-327] inferring latch for variable 'mem_process.var_insn_mem_reg[0]' [F:/Taozi/lab3/single_cycle_core/single_cycle_core/VHDL/instruction_memory.vhd:57]
WARNING: [Synth 8-327] inferring latch for variable 'mem_process.var_insn_mem_reg[1]' [F:/Taozi/lab3/single_cycle_core/single_cycle_core/VHDL/instruction_memory.vhd:57]
WARNING: [Synth 8-327] inferring latch for variable 'mem_process.var_insn_mem_reg[2]' [F:/Taozi/lab3/single_cycle_core/single_cycle_core/VHDL/instruction_memory.vhd:57]
WARNING: [Synth 8-327] inferring latch for variable 'mem_process.var_insn_mem_reg[5]' [F:/Taozi/lab3/single_cycle_core/single_cycle_core/VHDL/instruction_memory.vhd:57]
WARNING: [Synth 8-327] inferring latch for variable 'mem_process.var_insn_mem_reg[6]' [F:/Taozi/lab3/single_cycle_core/single_cycle_core/VHDL/instruction_memory.vhd:57]
WARNING: [Synth 8-327] inferring latch for variable 'mem_process.var_insn_mem_reg[7]' [F:/Taozi/lab3/single_cycle_core/single_cycle_core/VHDL/instruction_memory.vhd:57]
WARNING: [Synth 8-327] inferring latch for variable 'mem_process.var_insn_mem_reg[8]' [F:/Taozi/lab3/single_cycle_core/single_cycle_core/VHDL/instruction_memory.vhd:57]
WARNING: [Synth 8-327] inferring latch for variable 'mem_process.var_insn_mem_reg[9]' [F:/Taozi/lab3/single_cycle_core/single_cycle_core/VHDL/instruction_memory.vhd:57]
---------------------------------------------------------------------------------
Finished RTL Optimization Phase 2 : Time (s): cpu = 00:00:15 ; elapsed = 00:00:22 . Memory (MB): peak = 1059.875 ; gain = 57.516
---------------------------------------------------------------------------------
---------------------------------------------------------------------------------
Start RTL Component Statistics 
---------------------------------------------------------------------------------
Detailed RTL Component Info : 
+---Adders : 
	   2 Input   17 Bit       Adders := 1     
	   2 Input    5 Bit       Adders := 1     
+---Registers : 
	               16 Bit    Registers := 39    
	                4 Bit    Registers := 6     
	                1 Bit    Registers := 7     
+---Muxes : 
	   8 Input   16 Bit        Muxes := 1     
	   4 Input   16 Bit        Muxes := 2     
	  16 Input    3 Bit        Muxes := 1     
	   2 Input    2 Bit        Muxes := 2     
	   2 Input    1 Bit        Muxes := 67    
---------------------------------------------------------------------------------
Finished RTL Component Statistics 
---------------------------------------------------------------------------------
---------------------------------------------------------------------------------
Start Part Resource Summary
---------------------------------------------------------------------------------
Part Resources:
DSPs: 240 (col length:80)
BRAMs: 270 (col length: RAMB18 80 RAMB36 40)
---------------------------------------------------------------------------------
Finished Part Resource Summary
---------------------------------------------------------------------------------
---------------------------------------------------------------------------------
Start Cross Boundary and Area Optimization
---------------------------------------------------------------------------------
---------------------------------------------------------------------------------
Finished Cross Boundary and Area Optimization : Time (s): cpu = 00:00:17 ; elapsed = 00:00:26 . Memory (MB): peak = 1059.875 ; gain = 57.516
---------------------------------------------------------------------------------
---------------------------------------------------------------------------------
Start Applying XDC Timing Constraints
---------------------------------------------------------------------------------
---------------------------------------------------------------------------------
Finished Applying XDC Timing Constraints : Time (s): cpu = 00:00:24 ; elapsed = 00:00:33 . Memory (MB): peak = 1059.875 ; gain = 57.516
---------------------------------------------------------------------------------
---------------------------------------------------------------------------------
Start Timing Optimization
---------------------------------------------------------------------------------
---------------------------------------------------------------------------------
Finished Timing Optimization : Time (s): cpu = 00:00:24 ; elapsed = 00:00:33 . Memory (MB): peak = 1059.875 ; gain = 57.516
---------------------------------------------------------------------------------
---------------------------------------------------------------------------------
Start Technology Mapping
---------------------------------------------------------------------------------
---------------------------------------------------------------------------------
Finished Technology Mapping : Time (s): cpu = 00:00:24 ; elapsed = 00:00:33 . Memory (MB): peak = 1061.348 ; gain = 58.988
---------------------------------------------------------------------------------
---------------------------------------------------------------------------------
Start IO Insertion
---------------------------------------------------------------------------------
---------------------------------------------------------------------------------
Start Flattening Before IO Insertion
---------------------------------------------------------------------------------
---------------------------------------------------------------------------------
Finished Flattening Before IO Insertion
---------------------------------------------------------------------------------
---------------------------------------------------------------------------------
Start Final Netlist Cleanup
---------------------------------------------------------------------------------
---------------------------------------------------------------------------------
Finished Final Netlist Cleanup
---------------------------------------------------------------------------------
---------------------------------------------------------------------------------
Finished IO Insertion : Time (s): cpu = 00:00:28 ; elapsed = 00:00:37 . Memory (MB): peak = 1068.906 ; gain = 66.547
---------------------------------------------------------------------------------
---------------------------------------------------------------------------------
Start Renaming Generated Instances
---------------------------------------------------------------------------------
---------------------------------------------------------------------------------
Finished Renaming Generated Instances : Time (s): cpu = 00:00:28 ; elapsed = 00:00:37 . Memory (MB): peak = 1068.906 ; gain = 66.547
---------------------------------------------------------------------------------
---------------------------------------------------------------------------------
Start Rebuilding User Hierarchy
---------------------------------------------------------------------------------
---------------------------------------------------------------------------------
Finished Rebuilding User Hierarchy : Time (s): cpu = 00:00:28 ; elapsed = 00:00:37 . Memory (MB): peak = 1068.906 ; gain = 66.547
---------------------------------------------------------------------------------
---------------------------------------------------------------------------------
Start Renaming Generated Ports
---------------------------------------------------------------------------------
---------------------------------------------------------------------------------
Finished Renaming Generated Ports : Time (s): cpu = 00:00:28 ; elapsed = 00:00:37 . Memory (MB): peak = 1068.906 ; gain = 66.547
---------------------------------------------------------------------------------
---------------------------------------------------------------------------------
Start Handling Custom Attributes
---------------------------------------------------------------------------------
---------------------------------------------------------------------------------
Finished Handling Custom Attributes : Time (s): cpu = 00:00:28 ; elapsed = 00:00:37 . Memory (MB): peak = 1068.906 ; gain = 66.547
---------------------------------------------------------------------------------
---------------------------------------------------------------------------------
Start Renaming Generated Nets
---------------------------------------------------------------------------------
---------------------------------------------------------------------------------
Finished Renaming Generated Nets : Time (s): cpu = 00:00:28 ; elapsed = 00:00:37 . Memory (MB): peak = 1068.906 ; gain = 66.547
---------------------------------------------------------------------------------
---------------------------------------------------------------------------------
Start Writing Synthesis Report
---------------------------------------------------------------------------------

Report BlackBoxes: 
+-+--------------+----------+
| |BlackBox name |Instances |
+-+--------------+----------+
+-+--------------+----------+

Report Cell Usage: 
+------+-----+------+
|      |Cell |Count |
+------+-----+------+
|1     |BUFG |     1|
|2     |LUT1 |     5|
|3     |LUT2 |     1|
|4     |LUT3 |     4|
|5     |LUT4 |     9|
|6     |LUT6 |     2|
|7     |FDCE |     4|
|8     |FDRE |    16|
|9     |IBUF |     2|
+------+-----+------+
---------------------------------------------------------------------------------
Finished Writing Synthesis Report : Time (s): cpu = 00:00:28 ; elapsed = 00:00:37 . Memory (MB): peak = 1068.906 ; gain = 66.547
---------------------------------------------------------------------------------
Synthesis finished with 0 errors, 0 critical warnings and 8 warnings.
Synthesis Optimization Runtime : Time (s): cpu = 00:00:18 ; elapsed = 00:00:34 . Memory (MB): peak = 1068.906 ; gain = 9.031
Synthesis Optimization Complete : Time (s): cpu = 00:00:28 ; elapsed = 00:00:37 . Memory (MB): peak = 1068.906 ; gain = 66.547
INFO: [Project 1-571] Translating synthesized netlist
Netlist sorting complete. Time (s): cpu = 00:00:00 ; elapsed = 00:00:00 . Memory (MB): peak = 1068.906 ; gain = 0.000
INFO: [Project 1-570] Preparing netlist for logic optimization
INFO: [Opt 31-138] Pushed 0 inverter(s) to 0 load pin(s).
Netlist sorting complete. Time (s): cpu = 00:00:00 ; elapsed = 00:00:00 . Memory (MB): peak = 1077.449 ; gain = 0.000
INFO: [Project 1-111] Unisim Transformation Summary:
No Unisim elements were transformed.

INFO: [Common 17-83] Releasing license: Synthesis
86 Infos, 9 Warnings, 0 Critical Warnings and 0 Errors encountered.
synth_design completed successfully
synth_design: Time (s): cpu = 00:00:34 ; elapsed = 00:00:53 . Memory (MB): peak = 1077.449 ; gain = 75.090
INFO: [Common 17-1381] The checkpoint 'F:/Taozi/lab3/lab3/lab3.runs/synth_1/single_cycle_core.dcp' has been generated.
INFO: [runtcl-4] Executing : report_utilization -file single_cycle_core_utilization_synth.rpt -pb single_cycle_core_utilization_synth.pb
INFO: [Common 17-206] Exiting Vivado at Wed Mar 30 13:55:56 2022...
